Arguments: 
  /usr/local/bin/node /usr/local/bin/yarn install

PATH: 
  /usr/local/bin:/usr/bin:/bin:/usr/sbin:/sbin:/usr/local/go/bin

Yarn version: 
  1.9.4

Node version: 
  8.11.4

Platform: 
  darwin x64

Trace: 
  SyntaxError: /Users/atap/Source/webpack3.0/package.json: Unexpected token } in JSON at position 116
      at JSON.parse (<anonymous>)
      at /usr/local/lib/node_modules/yarn/lib/cli.js:1130:59
      at Generator.next (<anonymous>)
      at step (/usr/local/lib/node_modules/yarn/lib/cli.js:92:30)
      at /usr/local/lib/node_modules/yarn/lib/cli.js:103:13
      at <anonymous>

npm manifest: 
  {
    "name": "webpack3.0",
    "version": "1.0.0",
    "main": "index.js",
    "license": "MIT",
    "scripts": {
        ""
    },
    "devDependencies": {
      "webpack": "3.12.0",
      "webpack-dev-server": "2.11.3"
    }
  }

yarn manifest: 
  No manifest

Lockfile: 
  No lockfile
